changelog-lib/build/intermediates/manifest_merge_blame_file/debug/manifest-merger-blame-debug-report.txt
1<?xml version="1.0" encoding="utf-8"?>
2<manifest xmlns:android="http://schemas.android.com/apk/res/android"
3    package="com.michaelflisar.changelog" >
4
5    <uses-sdk
6        android:minSdkVersion="16"
6-->src/main/AndroidManifest.xml
7        android:targetSdkVersion="29" />
7-->src/main/AndroidManifest.xml
8
9    <application>
9-->src/main/AndroidManifest.xml:4:5-9:19
10        <activity
10-->src/main/AndroidManifest.xml:6:9-7:74
11            android:name="com.michaelflisar.changelog.internal.ChangelogActivity"
11-->src/main/AndroidManifest.xml:6:19-61
12            android:theme="@style/Theme.AppCompat.Light.DarkActionBar" />
12-->src/main/AndroidManifest.xml:7:13-71
13    </application>
14
15</manifest>